2020-06-11 00:14:06,998 INFO     [INFO] Initizialization begins..
2020-06-11 00:14:07,539 INFO     [INFO] Inizialization finished!
2020-06-11 00:14:07,539 INFO     [TOOL][MOVE] Tool activated
2020-06-11 00:14:12,032 INFO     [PROJECT] The project prova.json has been loaded.
2020-06-11 00:14:23,874 INFO     [TOOL][MATCH] Tool activated
2020-06-11 00:14:24,735 INFO     [SELECTION] A new blob (c-117-4732.9x-2990.7y;Pocillopora) has been selected.
2020-06-11 00:14:24,738 INFO     [SELECTION] A new blob (c-117-4732.9x-2990.7y;Pocillopora) has been selected.
2020-06-11 00:14:25,887 INFO     [SELECTION] A new blob (c-138-4842.0x-3461.4y;Pocillopora) has been selected.
2020-06-11 00:14:25,889 INFO     [SELECTION] A new blob (c-138-4842.0x-3461.4y;Pocillopora) has been selected.
2020-06-11 00:14:26,632 INFO     [SELECTION] A new blob (c-117-4732.9x-2990.7y;Pocillopora) has been selected.
2020-06-11 00:14:26,633 INFO     [SELECTION] A new blob (c-117-4732.9x-2990.7y;Pocillopora) has been selected.
2020-06-11 00:14:26,942 INFO     [KEYPRESS] Key ALT + '' has been pressed.
2020-06-11 00:14:27,143 INFO     [SELECTION] A new blob (c-125-4751.0x-2983.0y;Pocillopora) has been selected.
2020-06-11 00:14:27,353 INFO     [KEYPRESS] Key ' ' has been pressed.
2020-06-11 00:14:27,360 INFO     [SELECTION] A new blob (c-117-4732.9x-2990.7y;Pocillopora) has been selected.
2020-06-11 00:14:27,360 INFO     [SELECTION] A new blob (c-125-4751.0x-2983.0y;Pocillopora) has been selected.
2020-06-11 00:14:31,216 INFO     [SELECTION] A new blob (c-126-4536.6x-3023.9y;Pocillopora) has been selected.
2020-06-11 00:14:31,218 INFO     [SELECTION] A new blob (c-126-4536.6x-3023.9y;Pocillopora) has been selected.
2020-06-11 00:14:32,255 INFO     [SELECTION] A new blob (c-138-4842.0x-3461.4y;Pocillopora) has been selected.
2020-06-11 00:14:32,256 INFO     [SELECTION] A new blob (c-138-4842.0x-3461.4y;Pocillopora) has been selected.
2020-06-11 00:14:32,678 INFO     [KEYPRESS] Key ALT + '' has been pressed.
2020-06-11 00:14:32,848 INFO     [SELECTION] A new blob (c-143-4836.4x-3461.3y;Pocillopora) has been selected.
2020-06-11 00:14:33,159 INFO     [SELECTION] A new blob (c-154-4877.4x-3614.4y;Pocillopora) has been selected.
2020-06-11 00:14:33,455 INFO     [KEYPRESS] Key ' ' has been pressed.
2020-06-11 00:14:33,464 INFO     [SELECTION] A new blob (c-138-4842.0x-3461.4y;Pocillopora) has been selected.
2020-06-11 00:14:33,464 INFO     [SELECTION] A new blob (c-154-4877.4x-3614.4y;Pocillopora) has been selected.
2020-06-11 00:14:33,465 INFO     [SELECTION] A new blob (c-143-4836.4x-3461.3y;Pocillopora) has been selected.
