2020-06-10 19:01:33,562 INFO     [INFO] Initizialization begins..
2020-06-10 19:01:34,092 INFO     [INFO] Inizialization finished!
2020-06-10 19:01:34,093 INFO     [TOOL][MOVE] Tool activated
2020-06-10 19:01:38,431 INFO     [PROJECT] The project prova.json has been loaded.
2020-06-10 19:01:53,639 INFO     [TOOL][MATCH] Tool activated
2020-06-10 19:01:54,586 INFO     [SELECTION] A new blob (c-123-3578.8x-3152.0y;Pocillopora) has been selected.
2020-06-10 19:01:54,590 INFO     [SELECTION] A new blob (c-123-3578.8x-3152.0y;Pocillopora) has been selected.
2020-06-10 19:01:56,263 INFO     [KEYPRESS] Key ' ' has been pressed.
2020-06-10 19:01:57,207 INFO     [SELECTION] A new blob (c-129-3571.0x-3166.3y;Pocillopora) has been selected.
2020-06-10 19:01:57,209 INFO     [SELECTION] A new blob (c-129-3571.0x-3166.3y;Pocillopora) has been selected.
2020-06-10 19:01:57,462 INFO     [KEYPRESS] Key ' ' has been pressed.
2020-06-10 19:01:58,760 INFO     [SELECTION] A new blob (c-108-3454.1x-2777.9y;Pocillopora) has been selected.
2020-06-10 19:01:58,762 INFO     [SELECTION] A new blob (c-108-3454.1x-2777.9y;Pocillopora) has been selected.
2020-06-10 19:01:59,038 INFO     [KEYPRESS] Key ALT + '' has been pressed.
2020-06-10 19:01:59,491 INFO     [SELECTION] A new blob (c-120-3039.0x-2708.8y;Pocillopora) has been selected.
2020-06-10 19:01:59,736 INFO     [KEYPRESS] Key ' ' has been pressed.
2020-06-10 19:02:08,303 INFO     [SELECTION] A new blob (c-95-3693.8x-2534.4y;Porite_massive) has been selected.
2020-06-10 19:02:08,305 INFO     [SELECTION] A new blob (c-95-3693.8x-2534.4y;Porite_massive) has been selected.
2020-06-10 19:02:09,431 INFO     [KEYPRESS] Key ALT + '' has been pressed.
2020-06-10 19:02:09,946 INFO     [SELECTION] A new blob (c-113-3647.2x-2549.4y;Porite_massive) has been selected.
2020-06-10 19:02:10,428 INFO     [SELECTION] A new blob (c-116-3716.6x-2619.1y;Porite_massive) has been selected.
2020-06-10 19:02:10,875 INFO     [KEYPRESS] Key ' ' has been pressed.
2020-06-10 19:02:31,665 INFO     [SELECTION] A new blob (c-129-3571.0x-3166.3y;Pocillopora) has been selected.
2020-06-10 19:02:31,668 INFO     [SELECTION] A new blob (c-129-3571.0x-3166.3y;Pocillopora) has been selected.
2020-06-10 19:02:34,600 INFO     [SELECTION] A new blob (c-108-3454.1x-2777.9y;Pocillopora) has been selected.
2020-06-10 19:02:34,602 INFO     [SELECTION] A new blob (c-108-3454.1x-2777.9y;Pocillopora) has been selected.
2020-06-10 19:02:34,602 INFO     [SELECTION] A new blob (c-120-3039.0x-2708.8y;Pocillopora) has been selected.
2020-06-10 19:07:31,407 INFO     [TOOL][MOVE] Tool activated
2020-06-10 19:07:37,583 INFO     [TOOL][MATCH] Tool activated
2020-06-10 19:07:38,364 INFO     [SELECTION] A new blob (c-46-3759.0x-1416.4y;Pocillopora) has been selected.
2020-06-10 19:07:38,365 INFO     [SELECTION] A new blob (c-46-3759.0x-1416.4y;Pocillopora) has been selected.
2020-06-10 19:07:39,471 INFO     [SELECTION] A new blob (c-63-3756.3x-1425.3y;Pocillopora) has been selected.
2020-06-10 19:07:39,474 INFO     [SELECTION] A new blob (c-63-3756.3x-1425.3y;Pocillopora) has been selected.
2020-06-10 19:07:44,262 INFO     [SELECTION] A new blob (c-64-3901.2x-1396.7y;Pocillopora) has been selected.
2020-06-10 19:07:44,264 INFO     [SELECTION] A new blob (c-64-3901.2x-1396.7y;Pocillopora) has been selected.
2020-06-10 19:07:46,036 INFO     [SELECTION] A new blob (c-47-3898.6x-1401.0y;Pocillopora) has been selected.
2020-06-10 19:07:46,038 INFO     [SELECTION] A new blob (c-47-3898.6x-1401.0y;Pocillopora) has been selected.
2020-06-10 19:07:47,042 INFO     [SELECTION] A new blob (c-46-3759.0x-1416.4y;Pocillopora) has been selected.
2020-06-10 19:07:47,046 INFO     [SELECTION] A new blob (c-46-3759.0x-1416.4y;Pocillopora) has been selected.
2020-06-10 19:07:49,050 INFO     [KEYPRESS] Key ALT + '' has been pressed.
2020-06-10 19:07:49,170 INFO     [SELECTION] A new blob (c-63-3756.3x-1425.3y;Pocillopora) has been selected.
2020-06-10 19:07:51,833 INFO     [SELECTION] A new blob (c-64-3901.2x-1396.7y;Pocillopora) has been selected.
2020-06-10 19:07:51,835 INFO     [SELECTION] A new blob (c-64-3901.2x-1396.7y;Pocillopora) has been selected.
2020-06-10 19:07:52,055 INFO     [KEYPRESS] Key ALT + '' has been pressed.
2020-06-10 19:07:52,217 INFO     [SELECTION] A new blob (c-63-3756.3x-1425.3y;Pocillopora) has been selected.
2020-06-10 19:07:53,215 INFO     [KEYPRESS] Key ALT + '' has been pressed.
2020-06-10 19:07:53,275 INFO     [SELECTION] A new blob (c-47-3898.6x-1401.0y;Pocillopora) has been selected.
2020-06-10 19:07:53,590 INFO     [KEYPRESS] Key ' ' has been pressed.
