2020-06-11 00:11:26,815 INFO     [INFO] Initizialization begins..
2020-06-11 00:11:27,350 INFO     [INFO] Inizialization finished!
2020-06-11 00:11:27,350 INFO     [TOOL][MOVE] Tool activated
2020-06-11 00:11:32,501 INFO     [PROJECT] The project prova.json has been loaded.
2020-06-11 00:11:44,218 INFO     [TOOL][MATCH] Tool activated
2020-06-11 00:11:44,871 INFO     [SELECTION] A new blob (c-123-3578.8x-3152.0y;Pocillopora) has been selected.
2020-06-11 00:11:44,873 INFO     [SELECTION] A new blob (c-123-3578.8x-3152.0y;Pocillopora) has been selected.
2020-06-11 00:11:45,746 INFO     [KEYPRESS] Key ALT + '' has been pressed.
2020-06-11 00:11:45,847 INFO     [SELECTION] A new blob (c-129-3571.0x-3166.3y;Pocillopora) has been selected.
2020-06-11 00:11:46,160 INFO     [KEYPRESS] Key ' ' has been pressed.
2020-06-11 00:11:46,168 INFO     [SELECTION] A new blob (c-123-3578.8x-3152.0y;Pocillopora) has been selected.
2020-06-11 00:11:46,168 INFO     [SELECTION] A new blob (c-129-3571.0x-3166.3y;Pocillopora) has been selected.
2020-06-11 00:11:48,623 INFO     [SELECTION] A new blob (c-142-4022.3x-3467.5y;Pocillopora) has been selected.
2020-06-11 00:11:48,625 INFO     [SELECTION] A new blob (c-142-4022.3x-3467.5y;Pocillopora) has been selected.
2020-06-11 00:11:48,989 INFO     [KEYPRESS] Key ALT + '' has been pressed.
2020-06-11 00:11:49,488 INFO     [SELECTION] A new blob (c-141-4195.2x-3429.2y;Pocillopora) has been selected.
2020-06-11 00:11:49,750 INFO     [KEYPRESS] Key ' ' has been pressed.
2020-06-11 00:11:49,758 INFO     [SELECTION] A new blob (c-142-4022.3x-3467.5y;Pocillopora) has been selected.
2020-06-11 00:11:49,758 INFO     [SELECTION] A new blob (c-141-4195.2x-3429.2y;Pocillopora) has been selected.
2020-06-11 00:11:50,648 INFO     [SELECTION] A new blob (c-137-4191.2x-3430.1y;Pocillopora) has been selected.
2020-06-11 00:11:50,649 INFO     [SELECTION] A new blob (c-137-4191.2x-3430.1y;Pocillopora) has been selected.
2020-06-11 00:11:51,247 INFO     [KEYPRESS] Key ALT + '' has been pressed.
2020-06-11 00:11:51,623 INFO     [SELECTION] A new blob (c-144-4019.1x-3467.6y;Pocillopora) has been selected.
2020-06-11 00:11:51,912 INFO     [KEYPRESS] Key ' ' has been pressed.
2020-06-11 00:11:51,920 INFO     [SELECTION] A new blob (c-137-4191.2x-3430.1y;Pocillopora) has been selected.
2020-06-11 00:11:51,920 INFO     [SELECTION] A new blob (c-144-4019.1x-3467.6y;Pocillopora) has been selected.
2020-06-11 00:11:54,751 INFO     [SELECTION] A new blob (c-124-3162.3x-3130.8y;Pocillopora) has been selected.
2020-06-11 00:11:54,752 INFO     [SELECTION] A new blob (c-124-3162.3x-3130.8y;Pocillopora) has been selected.
2020-06-11 00:11:56,609 INFO     [KEYPRESS] Key ALT + '' has been pressed.
2020-06-11 00:11:56,919 INFO     [SELECTION] A new blob (c-116-3716.6x-2619.1y;Porite_massive) has been selected.
2020-06-11 00:11:57,217 INFO     [KEYPRESS] Key ' ' has been pressed.
2020-06-11 00:11:57,225 INFO     [SELECTION] A new blob (c-124-3162.3x-3130.8y;Pocillopora) has been selected.
2020-06-11 00:11:57,225 INFO     [SELECTION] A new blob (c-116-3716.6x-2619.1y;Porite_massive) has been selected.
2020-06-11 00:12:00,177 INFO     [SELECTION] A new blob (c-129-3571.0x-3166.3y;Pocillopora) has been selected.
2020-06-11 00:12:00,179 INFO     [SELECTION] A new blob (c-123-3578.8x-3152.0y;Pocillopora) has been selected.
2020-06-11 00:12:00,179 INFO     [SELECTION] A new blob (c-129-3571.0x-3166.3y;Pocillopora) has been selected.
