2020-01-29 23:52:43,168 INFO     [INFO] Initizialization begins..
2020-01-29 23:52:44,298 INFO     [INFO] Inizialization finished!
2020-01-29 23:52:44,298 INFO     [TOOL][MOVE] Tool activated
2020-01-29 23:52:49,959 INFO     [OP-SELECTION] A new blob (blob2-2618-2016) has been selected.
2020-01-29 23:52:53,511 INFO     [TOOL][EDITBORDER] Tool activated
2020-01-29 23:52:54,390 INFO     [TOOL][EDITBORDER] DRAWING starts..
2020-01-29 23:52:54,551 INFO     DRAWING
2020-01-29 23:52:54,561 INFO     DRAWING
2020-01-29 23:52:54,571 INFO     DRAWING
2020-01-29 23:52:54,584 INFO     DRAWING
2020-01-29 23:52:54,629 INFO     DRAWING
2020-01-29 23:52:54,636 INFO     DRAWING
2020-01-29 23:52:54,648 INFO     DRAWING
2020-01-29 23:52:54,657 INFO     DRAWING
2020-01-29 23:52:54,666 INFO     DRAWING
2020-01-29 23:52:54,674 INFO     DRAWING
2020-01-29 23:52:54,684 INFO     DRAWING
2020-01-29 23:52:54,685 INFO     DRAWING
2020-01-29 23:52:54,693 INFO     DRAWING
2020-01-29 23:52:54,701 INFO     DRAWING
2020-01-29 23:52:54,710 INFO     DRAWING
2020-01-29 23:52:54,718 INFO     DRAWING
2020-01-29 23:52:54,726 INFO     DRAWING
2020-01-29 23:52:54,735 INFO     DRAWING
2020-01-29 23:52:54,740 INFO     DRAWING
2020-01-29 23:52:54,751 INFO     DRAWING
2020-01-29 23:52:54,760 INFO     DRAWING
2020-01-29 23:52:54,760 INFO     DRAWING
2020-01-29 23:52:54,771 INFO     DRAWING
2020-01-29 23:52:54,780 INFO     DRAWING
2020-01-29 23:52:54,787 INFO     DRAWING
2020-01-29 23:52:54,795 INFO     DRAWING
2020-01-29 23:52:54,796 INFO     DRAWING
2020-01-29 23:52:54,803 INFO     DRAWING
2020-01-29 23:52:54,811 INFO     DRAWING
2020-01-29 23:52:54,820 INFO     DRAWING
2020-01-29 23:52:54,829 INFO     DRAWING
2020-01-29 23:52:54,838 INFO     DRAWING
2020-01-29 23:52:54,839 INFO     DRAWING
2020-01-29 23:52:54,844 INFO     DRAWING
2020-01-29 23:52:54,850 INFO     DRAWING
2020-01-29 23:52:54,858 INFO     DRAWING
2020-01-29 23:52:54,866 INFO     DRAWING
2020-01-29 23:52:54,871 INFO     DRAWING
2020-01-29 23:52:54,879 INFO     DRAWING
2020-01-29 23:52:54,886 INFO     DRAWING
2020-01-29 23:52:54,895 INFO     DRAWING
2020-01-29 23:52:55,101 INFO     [KEYPRESS] Key ' ' has been pressed.
