2020-06-10 18:38:10,744 INFO     [INFO] Initizialization begins..
2020-06-10 18:38:11,264 INFO     [INFO] Inizialization finished!
2020-06-10 18:38:11,264 INFO     [TOOL][MOVE] Tool activated
2020-06-10 18:38:16,157 INFO     [PROJECT] The project prova.json has been loaded.
2020-06-10 18:38:31,441 INFO     [TOOL][MATCH] Tool activated
2020-06-10 18:38:32,331 INFO     [SELECTION] A new blob (c-136-2664.2x-3440.1y;Pocillopora) has been selected.
2020-06-10 18:38:32,335 INFO     [SELECTION] A new blob (c-136-2664.2x-3440.1y;Pocillopora) has been selected.
2020-06-10 18:38:33,795 INFO     [KEYPRESS] Key ALT + '' has been pressed.
2020-06-10 18:38:34,015 INFO     [SELECTION] A new blob (c-131-3167.1x-3138.9y;Pocillopora) has been selected.
2020-06-10 18:38:35,046 INFO     [KEYPRESS] Key ' ' has been pressed.
2020-06-10 18:38:36,938 INFO     [SELECTION] A new blob (c-122-3023.2x-3103.3y;Pocillopora) has been selected.
2020-06-10 18:38:36,939 INFO     [SELECTION] A new blob (c-122-3023.2x-3103.3y;Pocillopora) has been selected.
2020-06-10 18:38:38,214 INFO     [KEYPRESS] Key ALT + '' has been pressed.
2020-06-10 18:38:38,676 INFO     [SELECTION] A new blob (c-139-2529.2x-3357.4y;Pocillopora) has been selected.
2020-06-10 18:38:39,030 INFO     [KEYPRESS] Key ' ' has been pressed.
2020-06-10 18:38:40,998 INFO     [SELECTION] A new blob (c-123-3578.8x-3152.0y;Pocillopora) has been selected.
2020-06-10 18:38:41,000 INFO     [SELECTION] A new blob (c-123-3578.8x-3152.0y;Pocillopora) has been selected.
2020-06-10 18:38:41,252 INFO     [KEYPRESS] Key ' ' has been pressed.
2020-06-10 18:38:42,477 INFO     [SELECTION] A new blob (c-165-2607.8x-3871.6y;Pocillopora) has been selected.
2020-06-10 18:38:42,481 INFO     [SELECTION] A new blob (c-165-2607.8x-3871.6y;Pocillopora) has been selected.
2020-06-10 18:38:42,666 INFO     [KEYPRESS] Key ' ' has been pressed.
2020-06-10 18:38:50,376 INFO     [SELECTION] A new blob (c-161-3038.1x-4226.6y;Porite_massive) has been selected.
2020-06-10 18:38:50,378 INFO     [SELECTION] A new blob (c-161-3038.1x-4226.6y;Porite_massive) has been selected.
2020-06-10 18:38:50,707 INFO     [KEYPRESS] Key ALT + '' has been pressed.
2020-06-10 18:38:52,506 INFO     [SELECTION] A new blob (c-168-3235.3x-4314.3y;Pocillopora) has been selected.
2020-06-10 18:38:52,508 INFO     [SELECTION] A new blob (c-168-3235.3x-4314.3y;Pocillopora) has been selected.
2020-06-10 18:38:52,945 INFO     [KEYPRESS] Key ALT + '' has been pressed.
2020-06-10 18:38:53,273 INFO     [SELECTION] A new blob (c-187-3197.0x-4285.0y;Pocillopora) has been selected.
2020-06-10 18:38:53,957 INFO     [SELECTION] A new blob (c-190-3318.2x-4333.9y;Pocillopora) has been selected.
2020-06-10 18:38:54,498 INFO     [KEYPRESS] Key ' ' has been pressed.
