2020-01-29 23:54:35,572 INFO     [INFO] Initizialization begins..
2020-01-29 23:54:36,123 INFO     [INFO] Inizialization finished!
2020-01-29 23:54:36,124 INFO     [TOOL][MOVE] Tool activated
2020-01-29 23:54:40,796 INFO     [OP-SELECTION] A new blob (blob2-2618-2016) has been selected.
2020-01-29 23:54:41,888 INFO     [TOOL][EDITBORDER] Tool activated
2020-01-29 23:54:42,685 INFO     [TOOL][EDITBORDER] DRAWING starts..
2020-01-29 23:54:42,851 INFO     DRAWING
2020-01-29 23:54:42,863 INFO     DRAWING
2020-01-29 23:54:42,864 INFO     DRAWING
2020-01-29 23:54:42,875 INFO     DRAWING
2020-01-29 23:54:42,918 INFO     DRAWING
2020-01-29 23:54:42,928 INFO     DRAWING
2020-01-29 23:54:42,933 INFO     DRAWING
2020-01-29 23:54:42,940 INFO     DRAWING
2020-01-29 23:54:42,947 INFO     DRAWING
2020-01-29 23:54:42,952 INFO     DRAWING
2020-01-29 23:54:42,957 INFO     DRAWING
2020-01-29 23:54:42,960 INFO     DRAWING
2020-01-29 23:54:42,967 INFO     DRAWING
2020-01-29 23:54:42,973 INFO     DRAWING
2020-01-29 23:54:42,981 INFO     DRAWING
2020-01-29 23:54:42,988 INFO     DRAWING
2020-01-29 23:54:42,995 INFO     DRAWING
2020-01-29 23:54:43,001 INFO     DRAWING
2020-01-29 23:54:43,009 INFO     DRAWING
2020-01-29 23:54:43,015 INFO     DRAWING
2020-01-29 23:54:43,022 INFO     DRAWING
2020-01-29 23:54:43,029 INFO     DRAWING
2020-01-29 23:54:43,037 INFO     DRAWING
2020-01-29 23:54:43,044 INFO     DRAWING
2020-01-29 23:54:43,054 INFO     DRAWING
2020-01-29 23:54:43,058 INFO     DRAWING
2020-01-29 23:54:43,070 INFO     DRAWING
2020-01-29 23:54:43,076 INFO     DRAWING
2020-01-29 23:54:43,081 INFO     DRAWING
2020-01-29 23:54:43,090 INFO     DRAWING
2020-01-29 23:54:43,098 INFO     DRAWING
2020-01-29 23:54:43,108 INFO     DRAWING
2020-01-29 23:54:43,115 INFO     DRAWING
2020-01-29 23:54:43,122 INFO     DRAWING
2020-01-29 23:54:43,131 INFO     DRAWING
2020-01-29 23:54:43,140 INFO     DRAWING
2020-01-29 23:54:43,148 INFO     DRAWING
2020-01-29 23:54:43,149 INFO     DRAWING
2020-01-29 23:54:43,157 INFO     DRAWING
2020-01-29 23:54:43,162 INFO     DRAWING
2020-01-29 23:54:43,171 INFO     DRAWING
2020-01-29 23:54:43,177 INFO     DRAWING
2020-01-29 23:54:43,183 INFO     DRAWING
2020-01-29 23:54:43,194 INFO     DRAWING
2020-01-29 23:54:43,197 INFO     DRAWING
2020-01-29 23:54:43,205 INFO     DRAWING
2020-01-29 23:54:43,390 INFO     [KEYPRESS] Key ' ' has been pressed.
2020-01-29 23:54:43,495 INFO     [TOOL][EDITEDBORDER][BLOB-SELECTED] BLOBID=2 name=blob2-2618-2016
2020-01-29 23:54:43,495 INFO     [TOOL][EDITEDBORDER][BLOB-SELECTED] top=1651.0 left=2196.0 width=843.0 height=740.0
2020-01-29 23:54:43,495 INFO     [TOOL][EDITEDBORDER][BLOB-SELECTED] cx=2618.3 cy=2016.4
2020-01-29 23:54:43,495 INFO     [TOOL][EDITEDBORDER][BLOB-SELECTED] A=450253.0 P=2692.6 
2020-01-29 23:54:43,495 INFO     [TOOL][EDITEDBORDER][BLOB-EDITED] BLOBID=2 name=c-2665.2x-1993.7y
2020-01-29 23:54:43,495 INFO     [TOOL][EDITEDBORDER][BLOB-EDITED] top=1648.0 left=2305.0 width=735.0 height=744.0
2020-01-29 23:54:43,495 INFO     [TOOL][EDITEDBORDER][BLOB-EDITED] cx=2665.2 cy=1993.7
2020-01-29 23:54:43,495 INFO     [TOOL][EDITEDBORDER][BLOB-EDITED] A=388023.0 P=2526.9 
2020-01-29 23:54:43,496 INFO     [OP-SELECTION] A new blob (c-2665.2x-1993.7y) has been selected.
2020-01-29 23:54:45,208 INFO     [TOOL][CUT] Tool activated
2020-01-29 23:54:45,853 INFO     [TOOL][CUT] DRAWING starts..
2020-01-29 23:54:46,060 INFO     DRAWING
2020-01-29 23:54:46,071 INFO     DRAWING
2020-01-29 23:54:46,079 INFO     DRAWING
2020-01-29 23:54:46,091 INFO     DRAWING
2020-01-29 23:54:46,099 INFO     DRAWING
2020-01-29 23:54:46,103 INFO     DRAWING
2020-01-29 23:54:46,109 INFO     DRAWING
2020-01-29 23:54:46,116 INFO     DRAWING
2020-01-29 23:54:46,120 INFO     DRAWING
2020-01-29 23:54:46,128 INFO     DRAWING
2020-01-29 23:54:46,136 INFO     DRAWING
2020-01-29 23:54:46,144 INFO     DRAWING
2020-01-29 23:54:46,148 INFO     DRAWING
2020-01-29 23:54:46,156 INFO     DRAWING
2020-01-29 23:54:46,162 INFO     DRAWING
2020-01-29 23:54:46,169 INFO     DRAWING
2020-01-29 23:54:46,178 INFO     DRAWING
2020-01-29 23:54:46,183 INFO     DRAWING
2020-01-29 23:54:46,193 INFO     DRAWING
2020-01-29 23:54:46,197 INFO     DRAWING
2020-01-29 23:54:46,210 INFO     DRAWING
2020-01-29 23:54:46,212 INFO     DRAWING
2020-01-29 23:54:46,222 INFO     DRAWING
2020-01-29 23:54:46,230 INFO     DRAWING
2020-01-29 23:54:46,240 INFO     DRAWING
2020-01-29 23:54:46,240 INFO     DRAWING
2020-01-29 23:54:46,248 INFO     DRAWING
2020-01-29 23:54:46,256 INFO     DRAWING
2020-01-29 23:54:46,265 INFO     DRAWING
2020-01-29 23:54:46,276 INFO     DRAWING
2020-01-29 23:54:46,276 INFO     DRAWING
2020-01-29 23:54:46,281 INFO     DRAWING
2020-01-29 23:54:46,291 INFO     DRAWING
2020-01-29 23:54:46,301 INFO     DRAWING
2020-01-29 23:54:46,310 INFO     DRAWING
2020-01-29 23:54:46,310 INFO     DRAWING
2020-01-29 23:54:46,318 INFO     DRAWING
2020-01-29 23:54:46,326 INFO     DRAWING
2020-01-29 23:54:46,334 INFO     DRAWING
2020-01-29 23:54:46,340 INFO     DRAWING
2020-01-29 23:54:46,347 INFO     DRAWING
2020-01-29 23:54:46,352 INFO     DRAWING
2020-01-29 23:54:46,360 INFO     DRAWING
2020-01-29 23:54:46,367 INFO     DRAWING
2020-01-29 23:54:46,374 INFO     DRAWING
2020-01-29 23:54:46,381 INFO     DRAWING
2020-01-29 23:54:46,394 INFO     DRAWING
2020-01-29 23:54:46,401 INFO     DRAWING
2020-01-29 23:54:46,410 INFO     DRAWING
2020-01-29 23:54:46,419 INFO     DRAWING
2020-01-29 23:54:46,428 INFO     DRAWING
2020-01-29 23:54:46,435 INFO     DRAWING
2020-01-29 23:54:46,571 INFO     [KEYPRESS] Key ' ' has been pressed.
2020-01-29 23:54:46,675 INFO     [TOOL][CUT][BLOB-SELECTED] BLOBID=2 name=c-2665.2x-1993.7y
2020-01-29 23:54:46,675 INFO     [TOOL][CUT][BLOB-SELECTED] top=1648.0 left=2305.0 width=735.0 height=744.0
2020-01-29 23:54:46,675 INFO     [TOOL][CUT][BLOB-SELECTED] cx=2665.2 cy=1993.7
2020-01-29 23:54:46,675 INFO     [TOOL][CUT][BLOB-SELECTED] A=388023.0 P=2526.9 
2020-01-29 23:54:46,675 INFO     [OP-SELECTION] A new blob (c-2517.2x-1867.7y) has been selected.
2020-01-29 23:54:46,675 INFO     [TOOL][CUT][BLOB-CREATED] BLOBID=0 name=c-2517.2x-1867.7y
2020-01-29 23:54:46,675 INFO     [TOOL][CUT][BLOB-CREATED] top=1647.0 left=2304.0 width=512.0 height=568.0
2020-01-29 23:54:46,675 INFO     [TOOL][CUT][BLOB-CREATED] cx=2517.2 cy=1867.7
2020-01-29 23:54:46,675 INFO     [TOOL][CUT][BLOB-CREATED] A=151083.0 P=1771.9 
2020-01-29 23:54:46,675 INFO     [OP-SELECTION] A new blob (c-2759.6x-2074.2y) has been selected.
2020-01-29 23:54:46,675 INFO     [TOOL][CUT][BLOB-CREATED] BLOBID=1 name=c-2759.6x-2074.2y
2020-01-29 23:54:46,675 INFO     [TOOL][CUT][BLOB-CREATED] top=1706.0 left=2438.0 width=602.0 height=686.0
2020-01-29 23:54:46,675 INFO     [TOOL][CUT][BLOB-CREATED] cx=2759.6 cy=2074.2
2020-01-29 23:54:46,675 INFO     [TOOL][CUT][BLOB-CREATED] A=236015.0 P=2046.1 
2020-01-29 23:54:49,171 INFO     [TOOL][CUT] DRAWING starts..
2020-01-29 23:54:49,265 INFO     [OP-SELECTION] A new blob (c-2517.2x-1867.7y) has been selected.
2020-01-29 23:54:51,149 INFO     [OP-DELETE] Selected blobs has been DELETED
