2020-01-30 00:21:46,100 INFO     [INFO] Initizialization begins..
2020-01-30 00:21:46,874 INFO     [INFO] Inizialization finished!
2020-01-30 00:21:46,874 INFO     [TOOL][MOVE] Tool activated
2020-01-30 00:21:51,956 INFO     [SELECTION] A new blob (blob2-2618-2016) has been selected.
2020-01-30 00:21:53,335 INFO     [TOOL][EDITBORDER] Tool activated
2020-01-30 00:21:54,271 INFO     [TOOL][EDITBORDER] DRAWING starts..
2020-01-30 00:21:55,035 INFO     [KEYPRESS] Key ' ' has been pressed.
2020-01-30 00:21:55,137 INFO     [TOOL][EDITEDBORDER][BLOB-SELECTED] BLOBID=2 name=blob2-2618-2016
2020-01-30 00:21:55,138 INFO     [TOOL][EDITEDBORDER][BLOB-SELECTED] top=1651.0 left=2196.0 width=843.0 height=740.0
2020-01-30 00:21:55,138 INFO     [TOOL][EDITEDBORDER][BLOB-SELECTED] cx=2618.3 cy=2016.4
2020-01-30 00:21:55,138 INFO     [TOOL][EDITEDBORDER][BLOB-SELECTED] A=450253.0 P=2692.6 
2020-01-30 00:21:55,138 INFO     [TOOL][EDITEDBORDER][BLOB-EDITED] BLOBID=2 name=c-2-2695.9x-1963.7y
2020-01-30 00:21:55,138 INFO     [TOOL][EDITEDBORDER][BLOB-EDITED] top=1648.0 left=2319.0 width=721.0 height=715.0
2020-01-30 00:21:55,138 INFO     [TOOL][EDITEDBORDER][BLOB-EDITED] cx=2695.9 cy=1963.7
2020-01-30 00:21:55,138 INFO     [TOOL][EDITEDBORDER][BLOB-EDITED] A=332291.0 P=2394.9 
2020-01-30 00:21:55,138 INFO     [SELECTION] A new blob (c-2-2695.9x-1963.7y) has been selected.
2020-01-30 00:21:56,309 INFO     [TOOL][CUT] Tool activated
2020-01-30 00:21:56,989 INFO     [TOOL][CUT] DRAWING starts..
2020-01-30 00:21:57,917 INFO     [KEYPRESS] Key ' ' has been pressed.
2020-01-30 00:21:58,020 INFO     [TOOL][CUT][BLOB-SELECTED] BLOBID=2 name=c-2-2695.9x-1963.7y
2020-01-30 00:21:58,021 INFO     [TOOL][CUT][BLOB-SELECTED] top=1648.0 left=2319.0 width=721.0 height=715.0
2020-01-30 00:21:58,021 INFO     [TOOL][CUT][BLOB-SELECTED] cx=2695.9 cy=1963.7
2020-01-30 00:21:58,021 INFO     [TOOL][CUT][BLOB-SELECTED] A=332291.0 P=2394.9 
2020-01-30 00:21:58,021 INFO     [SELECTION] A new blob (c-0-2503.9x-1767.7y) has been selected.
2020-01-30 00:21:58,021 INFO     [TOOL][CUT][BLOB-CREATED] BLOBID=0 name=c-0-2503.9x-1767.7y
2020-01-30 00:21:58,021 INFO     [TOOL][CUT][BLOB-CREATED] top=1647.0 left=2318.0 width=483.0 height=335.0
2020-01-30 00:21:58,021 INFO     [TOOL][CUT][BLOB-CREATED] cx=2503.9 cy=1767.7
2020-01-30 00:21:58,021 INFO     [TOOL][CUT][BLOB-CREATED] A=68929.0 P=1359.6 
2020-01-30 00:21:58,021 INFO     [SELECTION] A new blob (c-1-2746.3x-2015.8y) has been selected.
2020-01-30 00:21:58,021 INFO     [TOOL][CUT][BLOB-CREATED] BLOBID=1 name=c-1-2746.3x-2015.8y
2020-01-30 00:21:58,021 INFO     [TOOL][CUT][BLOB-CREATED] top=1678.0 left=2412.0 width=628.0 height=685.0
2020-01-30 00:21:58,021 INFO     [TOOL][CUT][BLOB-CREATED] cx=2746.3 cy=2015.8
2020-01-30 00:21:58,021 INFO     [TOOL][CUT][BLOB-CREATED] A=262803.0 P=2043.5 
2020-01-30 00:22:00,466 INFO     [TOOL][CUT] DRAWING starts..
2020-01-30 00:22:00,578 INFO     [SELECTION] A new blob (c-0-2503.9x-1767.7y) has been selected.
2020-01-30 00:22:00,998 INFO     [SELECTION] A new blob (c-1-2746.3x-2015.8y) has been selected.
2020-01-30 00:22:14,468 INFO     [OP-DELETE] Selected blobs has been DELETED
