2020-06-10 18:31:19,745 INFO     [INFO] Initizialization begins..
2020-06-10 18:31:20,257 INFO     [INFO] Inizialization finished!
2020-06-10 18:31:20,257 INFO     [TOOL][MOVE] Tool activated
2020-06-10 18:31:25,765 INFO     [PROJECT] The project prova.json has been loaded.
2020-06-10 18:32:06,337 INFO     [TOOL][MATCH] Tool activated
2020-06-10 18:32:12,767 INFO     [SELECTION] A new blob (c-84-3888.0x-2363.0y;Porite_massive) has been selected.
2020-06-10 18:32:12,770 INFO     [SELECTION] A new blob (c-84-3888.0x-2363.0y;Porite_massive) has been selected.
2020-06-10 18:32:13,480 INFO     [KEYPRESS] Key ALT + '' has been pressed.
2020-06-10 18:32:13,659 INFO     [SELECTION] A new blob (c-93-4348.2x-2481.8y;Pocillopora) has been selected.
2020-06-10 18:32:14,342 INFO     [SELECTION] A new blob (c-90-4382.8x-2397.7y;Pocillopora) has been selected.
2020-06-10 18:32:14,343 INFO     [SELECTION] A new blob (c-90-4382.8x-2397.7y;Pocillopora) has been selected.
2020-06-10 18:32:15,362 INFO     [SELECTION] A new blob (c-84-3888.0x-2363.0y;Porite_massive) has been selected.
2020-06-10 18:32:15,364 INFO     [SELECTION] A new blob (c-84-3888.0x-2363.0y;Porite_massive) has been selected.
2020-06-10 18:32:16,094 INFO     [SELECTION] A new blob (c-93-4348.2x-2481.8y;Pocillopora) has been selected.
2020-06-10 18:32:16,097 INFO     [SELECTION] A new blob (c-93-4348.2x-2481.8y;Pocillopora) has been selected.
2020-06-10 18:32:16,542 INFO     [KEYPRESS] Key ALT + '' has been pressed.
2020-06-10 18:32:16,753 INFO     [SELECTION] A new blob (c-94-4949.1x-2483.7y;Pocillopora) has been selected.
2020-06-10 18:32:17,119 INFO     [KEYPRESS] Key ' ' has been pressed.
2020-06-10 18:32:24,502 INFO     [SELECTION] A new blob (c-110-4879.8x-2782.8y;Pocillopora) has been selected.
2020-06-10 18:32:24,504 INFO     [SELECTION] A new blob (c-110-4879.8x-2782.8y;Pocillopora) has been selected.
2020-06-10 18:32:25,553 INFO     [SELECTION] A new blob (c-93-4348.2x-2481.8y;Pocillopora) has been selected.
2020-06-10 18:32:25,555 INFO     [SELECTION] A new blob (c-93-4348.2x-2481.8y;Pocillopora) has been selected.
2020-06-10 18:32:28,809 INFO     [SELECTION] A new blob (c-110-4879.8x-2782.8y;Pocillopora) has been selected.
2020-06-10 18:32:28,810 INFO     [SELECTION] A new blob (c-110-4879.8x-2782.8y;Pocillopora) has been selected.
2020-06-10 18:32:29,712 INFO     [KEYPRESS] Key ' ' has been pressed.
2020-06-10 18:32:31,593 INFO     [SELECTION] A new blob (c-117-4732.9x-2990.7y;Pocillopora) has been selected.
2020-06-10 18:32:31,594 INFO     [SELECTION] A new blob (c-117-4732.9x-2990.7y;Pocillopora) has been selected.
2020-06-10 18:32:32,236 INFO     [KEYPRESS] Key ALT + '' has been pressed.
2020-06-10 18:32:32,509 INFO     [SELECTION] A new blob (c-129-3571.0x-3166.3y;Pocillopora) has been selected.
2020-06-10 18:32:33,158 INFO     [KEYPRESS] Key ' ' has been pressed.
2020-06-10 18:32:35,399 INFO     [SELECTION] A new blob (c-138-4842.0x-3461.4y;Pocillopora) has been selected.
2020-06-10 18:32:35,401 INFO     [SELECTION] A new blob (c-138-4842.0x-3461.4y;Pocillopora) has been selected.
2020-06-10 18:32:35,734 INFO     [KEYPRESS] Key ALT + '' has been pressed.
2020-06-10 18:32:36,346 INFO     [SELECTION] A new blob (c-141-4195.2x-3429.2y;Pocillopora) has been selected.
2020-06-10 18:32:36,965 INFO     [SELECTION] A new blob (c-144-4019.1x-3467.6y;Pocillopora) has been selected.
2020-06-10 18:32:37,362 INFO     [KEYPRESS] Key ' ' has been pressed.
