2020-01-30 00:13:07,108 INFO     [INFO] Initizialization begins..
2020-01-30 00:13:07,650 INFO     [INFO] Inizialization finished!
2020-01-30 00:13:07,651 INFO     [TOOL][MOVE] Tool activated
2020-01-30 00:13:18,326 INFO     [SELECTION] A new blob (blob2-2618-2016) has been selected.
2020-01-30 00:13:20,607 INFO     [TOOL][CREATECRACK] Tool activated
2020-01-30 00:13:21,966 INFO     [TOOL][EDITBORDER] Tool activated
2020-01-30 00:13:22,802 INFO     [TOOL][EDITBORDER] DRAWING starts..
2020-01-30 00:13:23,389 INFO     [KEYPRESS] Key ' ' has been pressed.
2020-01-30 00:13:23,495 INFO     [TOOL][EDITEDBORDER][BLOB-SELECTED] BLOBID=2 name=blob2-2618-2016
2020-01-30 00:13:23,498 INFO     [TOOL][EDITEDBORDER][BLOB-SELECTED] top=1651.0 left=2196.0 width=843.0 height=740.0
2020-01-30 00:13:23,498 INFO     [TOOL][EDITEDBORDER][BLOB-SELECTED] cx=2618.3 cy=2016.4
2020-01-30 00:13:23,498 INFO     [TOOL][EDITEDBORDER][BLOB-SELECTED] A=450253.0 P=2692.6 
2020-01-30 00:13:23,498 INFO     [TOOL][EDITEDBORDER][BLOB-EDITED] BLOBID=2 name=c-2-2688.6x-1944.5y
2020-01-30 00:13:23,498 INFO     [TOOL][EDITEDBORDER][BLOB-EDITED] top=1648.0 left=2284.0 width=756.0 height=685.0
2020-01-30 00:13:23,498 INFO     [TOOL][EDITEDBORDER][BLOB-EDITED] cx=2688.6 cy=1944.5
2020-01-30 00:13:23,498 INFO     [TOOL][EDITEDBORDER][BLOB-EDITED] A=321322.0 P=2382.0 
2020-01-30 00:13:23,498 INFO     [SELECTION] A new blob (c-2-2688.6x-1944.5y) has been selected.
2020-01-30 00:13:28,312 INFO     [TOOL][FREEHAND] Tool activated
2020-01-30 00:13:30,245 INFO     [TOOL][CUT] Tool activated
2020-01-30 00:13:31,122 INFO     [TOOL][CUT] DRAWING starts..
2020-01-30 00:13:31,773 INFO     [KEYPRESS] Key ' ' has been pressed.
2020-01-30 00:13:46,864 INFO     [KEYPRESS] Key ' ' has been pressed.
2020-01-30 00:13:48,807 INFO     [KEYPRESS] Key ' ' has been pressed.
2020-01-30 00:13:52,756 INFO     [KEYPRESS] Key '' has been pressed.
2020-01-30 00:13:52,756 INFO     [TOOL][CUT] Current operation has been canceled.
2020-01-30 00:13:54,104 INFO     [TOOL][MOVE] Tool activated
2020-01-30 00:13:56,318 INFO     [SELECTION] A new blob (c-2-2688.6x-1944.5y) has been selected.
2020-01-30 00:13:57,476 INFO     [TOOL][CREATECRACK] Tool activated
2020-01-30 00:13:58,437 INFO     [TOOL][CUT] Tool activated
2020-01-30 00:13:59,207 INFO     [TOOL][CUT] DRAWING starts..
2020-01-30 00:13:59,829 INFO     [KEYPRESS] Key ' ' has been pressed.
